<?xml version="1.0" encoding="UTF-8"?>
<robot generator="Robot 4.0.3 (Python 3.7.5 on win32)" generated="20210606 06:42:06.284" rpa="true" schemaversion="2">
<suite id="s1" name="Tasks" source="C:\ProgramData\Temp\rcf24022\AppData\Local\Temp\125_9215_967624500_1\workarea60bc20e3\tasks.robot">
<test id="s1-t1" name="Order robots from RobotSpareBin Industries Inc">
<kw name="Input from User">
<var>${userInput}</var>
<kw name="Get Value From User" library="Dialogs">
<var>${userInput}</var>
<arg>Are you ready to see the execution? If yes then type Y in the box.</arg>
<doc>Pauses test execution and asks user to input a value.</doc>
<msg timestamp="20210606 06:42:12.552" level="INFO">${userInput} = Y</msg>
<status status="PASS" starttime="20210606 06:42:08.097" endtime="20210606 06:42:12.556"/>
</kw>
<msg timestamp="20210606 06:42:12.556" level="INFO">${userInput} = Y</msg>
<status status="PASS" starttime="20210606 06:42:08.096" endtime="20210606 06:42:12.556"/>
</kw>
<if>
<branch type="IF" condition="&quot;${userInput}&quot;== &quot;Y&quot;">
<kw name="Make Directory Empty">
<kw name="Create List" library="BuiltIn">
<var>${folderName}</var>
<arg>Input</arg>
<arg>Output</arg>
<arg>Temp</arg>
<doc>Returns a list containing given items.</doc>
<msg timestamp="20210606 06:42:12.584" level="INFO">${folderName} = ['Input', 'Output', 'Temp']</msg>
<status status="PASS" starttime="20210606 06:42:12.568" endtime="20210606 06:42:12.584"/>
</kw>
<kw name="Log To Console" library="BuiltIn">
<arg>${folderName}</arg>
<doc>Logs the given message to the console.</doc>
<status status="PASS" starttime="20210606 06:42:12.584" endtime="20210606 06:42:12.584"/>
</kw>
<for flavor="IN">
<var>${item}</var>
<value>@{folderName}</value>
<iter>
<var name="${item}">Input</var>
<kw name="Log" library="BuiltIn">
<arg>${item}</arg>
<doc>Logs the given message with the given level.</doc>
<msg timestamp="20210606 06:42:12.588" level="INFO">Input</msg>
<status status="PASS" starttime="20210606 06:42:12.584" endtime="20210606 06:42:12.588"/>
</kw>
<kw name="Empty Directory" library="OperatingSystem">
<arg>C:\\ProgramData\\Temp\\rcf24022\\AppData\\Local\\Temp\\125_9215_967624500_1\\workarea60bc20e3${/}${item}</arg>
<doc>Deletes all the content from the given directory.</doc>
<msg timestamp="20210606 06:42:12.588" level="INFO" html="true">Listing contents of directory '&lt;a href="file://C:\ProgramData\Temp\rcf24022\AppData\Local\Temp\125_9215_967624500_1\workarea60bc20e3\Input"&gt;C:\ProgramData\Temp\rcf24022\AppData\Local\Temp\125_9215_967624500_1\workarea60bc20e3\Input&lt;/a&gt;'.</msg>
<msg timestamp="20210606 06:42:12.588" level="INFO" html="true">Emptied directory '&lt;a href="file://C:\ProgramData\Temp\rcf24022\AppData\Local\Temp\125_9215_967624500_1\workarea60bc20e3\Input"&gt;C:\ProgramData\Temp\rcf24022\AppData\Local\Temp\125_9215_967624500_1\workarea60bc20e3\Input&lt;/a&gt;'.</msg>
<status status="PASS" starttime="20210606 06:42:12.588" endtime="20210606 06:42:12.588"/>
</kw>
<status status="PASS" starttime="20210606 06:42:12.584" endtime="20210606 06:42:12.592"/>
</iter>
<iter>
<var name="${item}">Output</var>
<kw name="Log" library="BuiltIn">
<arg>${item}</arg>
<doc>Logs the given message with the given level.</doc>
<msg timestamp="20210606 06:42:12.596" level="INFO">Output</msg>
<status status="PASS" starttime="20210606 06:42:12.596" endtime="20210606 06:42:12.596"/>
</kw>
<kw name="Empty Directory" library="OperatingSystem">
<arg>C:\\ProgramData\\Temp\\rcf24022\\AppData\\Local\\Temp\\125_9215_967624500_1\\workarea60bc20e3${/}${item}</arg>
<doc>Deletes all the content from the given directory.</doc>
<msg timestamp="20210606 06:42:12.596" level="INFO" html="true">Listing contents of directory '&lt;a href="file://C:\ProgramData\Temp\rcf24022\AppData\Local\Temp\125_9215_967624500_1\workarea60bc20e3\Output"&gt;C:\ProgramData\Temp\rcf24022\AppData\Local\Temp\125_9215_967624500_1\workarea60bc20e3\Output&lt;/a&gt;'.</msg>
<msg timestamp="20210606 06:42:12.600" level="FAIL">PermissionError: [WinError 32] The process cannot access the file because it is being used by another process: 'C:\\ProgramData\\Temp\\rcf24022\\AppData\\Local\\Temp\\125_9215_967624500_1\\workarea60bc20e3\\Output\\output.xml'</msg>
<status status="FAIL" starttime="20210606 06:42:12.596" endtime="20210606 06:42:12.600"/>
</kw>
<status status="FAIL" starttime="20210606 06:42:12.592" endtime="20210606 06:42:12.600"/>
</iter>
<status status="FAIL" starttime="20210606 06:42:12.584" endtime="20210606 06:42:12.600"/>
</for>
<status status="FAIL" starttime="20210606 06:42:12.568" endtime="20210606 06:42:12.600"/>
</kw>
<kw name="Open the robot order website and download the order file">
<status status="NOT RUN" starttime="20210606 06:42:12.600" endtime="20210606 06:42:12.600"/>
</kw>
<kw name="Get orders">
<status status="NOT RUN" starttime="20210606 06:42:12.600" endtime="20210606 06:42:12.600"/>
</kw>
<kw name="Zip Folder">
<status status="NOT RUN" starttime="20210606 06:42:12.600" endtime="20210606 06:42:12.600"/>
</kw>
<kw name="Close Browser" library="RPA.Browser">
<doc>Closes the current browser.</doc>
<status status="NOT RUN" starttime="20210606 06:42:12.604" endtime="20210606 06:42:12.604"/>
</kw>
<status status="FAIL" starttime="20210606 06:42:12.568" endtime="20210606 06:42:12.604"/>
</branch>
<branch type="ELSE">
<kw name="Log" library="BuiltIn">
<arg>Have a great day</arg>
<doc>Logs the given message with the given level.</doc>
<status status="NOT RUN" starttime="20210606 06:42:12.604" endtime="20210606 06:42:12.604"/>
</kw>
<status status="NOT RUN" starttime="20210606 06:42:12.604" endtime="20210606 06:42:12.604"/>
</branch>
<status status="FAIL" starttime="20210606 06:42:12.564" endtime="20210606 06:42:12.604"/>
</if>
<status status="FAIL" starttime="20210606 06:42:08.094" endtime="20210606 06:42:12.608">PermissionError: [WinError 32] The process cannot access the file because it is being used by another process: 'C:\\ProgramData\\Temp\\rcf24022\\AppData\\Local\\Temp\\125_9215_967624500_1\\workarea60bc20e3\\Output\\output.xml'</status>
</test>
<doc>Template robot main suite.</doc>
<status status="FAIL" starttime="20210606 06:42:06.288" endtime="20210606 06:42:12.612"/>
</suite>
<statistics>
<total>
<stat pass="0" fail="1" skip="0">All Tasks</stat>
</total>
<tag>
</tag>
<suite>
<stat pass="0" fail="1" skip="0" id="s1" name="Tasks">Tasks</stat>
</suite>
</statistics>
<errors>
<msg timestamp="20210606 06:42:07.304" level="WARN">This is a deprecated import that will be removed in favor of RPA.Browser.Selenium</msg>
</errors>
</robot>
